<?xml version="1.0" encoding="UTF-8"?>
<testng-results ignored="3" total="14" passed="11" failed="0" skipped="0">
  <reporter-output>
  </reporter-output>
  <suite started-at="2022-08-01T23:55:39 IST" name="Loan Department" finished-at="2022-08-01T23:55:40 IST" duration-ms="442">
    <groups>
      <group name="smoke">
        <method signature="Day2.demo2()[pri:0, instance:test.Day2@6d3a388c]" name="demo2" class="test.Day2"/>
        <method signature="Day1.demo()[pri:0, instance:test.Day1@10163d6]" name="demo" class="test.Day1"/>
        <method signature="Day3.WebloginCarloan(java.lang.String,java.lang.String)[pri:0, instance:test.Day3@2f217633]" name="WebloginCarloan" class="test.Day3"/>
      </group> <!-- smoke -->
    </groups>
    <test started-at="2022-08-01T23:55:39 IST" name="homeloan" finished-at="2022-08-01T23:55:40 IST" duration-ms="400">
      <class name="test.Day1">
        <test-method is-config="true" signature="suitetest()[pri:0, instance:test.Day1@10163d6]" started-at="2022-08-01T23:55:40 IST" name="suitetest" finished-at="2022-08-01T23:55:40 IST" duration-ms="3" status="PASS">
          <reporter-output>
          </reporter-output>
        </test-method> <!-- suitetest -->
      </class> <!-- test.Day1 -->
      <class name="test.Day4">
        <test-method is-config="true" signature="suitetest()[pri:0, instance:test.Day4@18d87d80]" started-at="2022-08-01T23:55:39 IST" name="suitetest" finished-at="2022-08-01T23:55:39 IST" duration-ms="23" status="PASS">
          <reporter-output>
          </reporter-output>
        </test-method> <!-- suitetest -->
        <test-method signature="APIloginhomeloan()[pri:0, instance:test.Day4@18d87d80]" started-at="2022-08-01T23:55:40 IST" name="APIloginhomeloan" finished-at="2022-08-01T23:55:40 IST" duration-ms="5" status="PASS">
          <reporter-output>
          </reporter-output>
        </test-method> <!-- APIloginhomeloan -->
      </class> <!-- test.Day4 -->
    </test> <!-- homeloan -->
    <test started-at="2022-08-01T23:55:39 IST" name="Personalloan" finished-at="2022-08-01T23:55:40 IST" duration-ms="377">
      <class name="test.Day1">
        <test-method is-config="true" signature="demo5()[pri:0, instance:test.Day1@10163d6]" started-at="2022-08-01T23:55:39 IST" name="demo5" finished-at="2022-08-01T23:55:39 IST" duration-ms="1" status="PASS">
          <reporter-output>
          </reporter-output>
        </test-method> <!-- demo5 -->
        <test-method is-config="true" signature="beforeevery()[pri:0, instance:test.Day1@10163d6]" started-at="2022-08-01T23:55:40 IST" name="beforeevery" finished-at="2022-08-01T23:55:40 IST" duration-ms="2" status="PASS">
          <reporter-output>
          </reporter-output>
        </test-method> <!-- beforeevery -->
        <test-method signature="demo()[pri:0, instance:test.Day1@10163d6]" started-at="2022-08-01T23:55:40 IST" name="demo" finished-at="2022-08-01T23:55:40 IST" duration-ms="16" status="PASS">
          <reporter-output>
          </reporter-output>
        </test-method> <!-- demo -->
        <test-method is-config="true" signature="Afterevery()[pri:0, instance:test.Day1@10163d6]" started-at="2022-08-01T23:55:40 IST" name="Afterevery" finished-at="2022-08-01T23:55:40 IST" duration-ms="1" status="PASS">
          <reporter-output>
          </reporter-output>
        </test-method> <!-- Afterevery -->
        <test-method is-config="true" signature="beforeevery()[pri:0, instance:test.Day1@10163d6]" started-at="2022-08-01T23:55:40 IST" name="beforeevery" finished-at="2022-08-01T23:55:40 IST" duration-ms="1" status="PASS">
          <reporter-output>
          </reporter-output>
        </test-method> <!-- beforeevery -->
        <test-method signature="demo1()[pri:0, instance:test.Day1@10163d6]" started-at="2022-08-01T23:55:40 IST" name="demo1" finished-at="2022-08-01T23:55:40 IST" duration-ms="2" status="PASS">
          <reporter-output>
          </reporter-output>
        </test-method> <!-- demo1 -->
        <test-method is-config="true" signature="Afterevery()[pri:0, instance:test.Day1@10163d6]" started-at="2022-08-01T23:55:40 IST" name="Afterevery" finished-at="2022-08-01T23:55:40 IST" duration-ms="0" status="PASS">
          <reporter-output>
          </reporter-output>
        </test-method> <!-- Afterevery -->
        <test-method is-config="true" signature="demo6()[pri:0, instance:test.Day1@10163d6]" started-at="2022-08-01T23:55:40 IST" name="demo6" finished-at="2022-08-01T23:55:40 IST" duration-ms="1" status="PASS">
          <reporter-output>
          </reporter-output>
        </test-method> <!-- demo6 -->
      </class> <!-- test.Day1 -->
      <class name="test.Day2">
        <test-method signature="demo2()[pri:0, instance:test.Day2@6d3a388c]" started-at="2022-08-01T23:55:40 IST" name="demo2" finished-at="2022-08-01T23:55:40 IST" duration-ms="3" status="PASS">
          <reporter-output>
          </reporter-output>
        </test-method> <!-- demo2 -->
        <test-method signature="vdemo(java.lang.String)[pri:0, instance:test.Day2@6d3a388c]" started-at="2022-08-01T23:55:40 IST" name="vdemo" finished-at="2022-08-01T23:55:40 IST" duration-ms="6" status="PASS">
          <params>
            <param index="0">
              <value>
                <![CDATA[google.com]]>
              </value>
            </param>
          </params>
          <reporter-output>
          </reporter-output>
        </test-method> <!-- vdemo -->
        <test-method signature="ademo5()[pri:0, instance:test.Day2@6d3a388c]" started-at="2022-08-01T23:55:40 IST" name="ademo5" finished-at="2022-08-01T23:55:40 IST" depends-on-methods="test.Day2.vdemo" duration-ms="2" status="PASS">
          <reporter-output>
          </reporter-output>
        </test-method> <!-- ademo5 -->
      </class> <!-- test.Day2 -->
    </test> <!-- Personalloan -->
    <test started-at="2022-08-01T23:55:40 IST" name="carloan" finished-at="2022-08-01T23:55:40 IST" duration-ms="70">
      <class name="test.Day3">
        <test-method signature="APIloginCarloan()[pri:0, instance:test.Day3@2f217633]" started-at="2022-08-01T23:55:40 IST" name="APIloginCarloan" finished-at="2022-08-01T23:55:40 IST" duration-ms="1" status="PASS">
          <reporter-output>
          </reporter-output>
        </test-method> <!-- APIloginCarloan -->
        <test-method signature="MobileloginCarloan(java.lang.String,java.lang.String)[pri:0, instance:test.Day3@2f217633]" started-at="2022-08-01T23:55:40 IST" name="MobileloginCarloan" data-provider="getdata" finished-at="2022-08-01T23:55:40 IST" duration-ms="3" status="PASS">
          <params>
            <param index="0">
              <value>
                <![CDATA[firstsetusername]]>
              </value>
            </param>
            <param index="1">
              <value>
                <![CDATA[password1]]>
              </value>
            </param>
          </params>
          <reporter-output>
          </reporter-output>
        </test-method> <!-- MobileloginCarloan -->
        <test-method signature="MobileloginCarloan(java.lang.String,java.lang.String)[pri:0, instance:test.Day3@2f217633]" started-at="2022-08-01T23:55:40 IST" name="MobileloginCarloan" data-provider="getdata" finished-at="2022-08-01T23:55:40 IST" duration-ms="2" status="PASS">
          <params>
            <param index="0">
              <value>
                <![CDATA[secondsetusername]]>
              </value>
            </param>
            <param index="1">
              <value>
                <![CDATA[password2]]>
              </value>
            </param>
          </params>
          <reporter-output>
          </reporter-output>
        </test-method> <!-- MobileloginCarloan -->
        <test-method signature="MobileloginCarloan(java.lang.String,java.lang.String)[pri:0, instance:test.Day3@2f217633]" started-at="2022-08-01T23:55:40 IST" name="MobileloginCarloan" data-provider="getdata" finished-at="2022-08-01T23:55:40 IST" duration-ms="2" status="PASS">
          <params>
            <param index="0">
              <value>
                <![CDATA[thirdsetusername]]>
              </value>
            </param>
            <param index="1">
              <value>
                <![CDATA[password3]]>
              </value>
            </param>
          </params>
          <reporter-output>
          </reporter-output>
        </test-method> <!-- MobileloginCarloan -->
        <test-method signature="WebloginCarloan(java.lang.String,java.lang.String)[pri:0, instance:test.Day3@2f217633]" started-at="2022-08-01T23:55:40 IST" name="WebloginCarloan" finished-at="2022-08-01T23:55:40 IST" duration-ms="2" status="PASS">
          <params>
            <param index="0">
              <value>
                <![CDATA[carloan.com]]>
              </value>
            </param>
            <param index="1">
              <value>
                <![CDATA[123456]]>
              </value>
            </param>
          </params>
          <reporter-output>
          </reporter-output>
        </test-method> <!-- WebloginCarloan -->
      </class> <!-- test.Day3 -->
    </test> <!-- carloan -->
  </suite> <!-- Loan Department -->
</testng-results>
