<?xml version="1.0" encoding="UTF-8"?>
<!-- Generated by org.testng.reporters.JUnitXMLReporter -->
<testsuite ignored="0" hostname="LENOVO-PC" failures="0" tests="5" name="carloan" time="0.07" errors="0" timestamp="2022-08-01T23:55:40 IST">
  <testcase classname="test.Day3" name="APIloginCarloan" time="0.001"/>
  <testcase classname="test.Day3" name="MobileloginCarloan" time="0.003"/>
  <testcase classname="test.Day3" name="MobileloginCarloan" time="0.002"/>
  <testcase classname="test.Day3" name="MobileloginCarloan" time="0.002"/>
  <testcase classname="test.Day3" name="WebloginCarloan" time="0.002"/>
</testsuite> <!-- carloan -->
