<?xml version="1.0" encoding="UTF-8"?>
<!-- Generated by org.testng.reporters.JUnitXMLReporter -->
<testsuite ignored="2" hostname="LENOVO-PC" failures="0" tests="1" name="homeloan" time="0.4" errors="0" timestamp="2022-08-01T23:55:40 IST">
  <testcase classname="test.Day4" name="APIloginhomeloan" time="0.005"/>
  <testcase classname="test.Day4" name="Mobileloginhomeloan" time="0.0">
    <ignored/>
  </testcase> <!-- Mobileloginhomeloan -->
  <testcase classname="test.Day4" name="Webloginhomeloan" time="0.0">
    <ignored/>
  </testcase> <!-- Webloginhomeloan -->
</testsuite> <!-- homeloan -->
