<?xml version="1.0" encoding="UTF-8"?>
<!-- Generated by org.testng.reporters.JUnitXMLReporter -->
<testsuite ignored="1" hostname="LENOVO-PC" failures="0" tests="5" name="Personalloan" time="0.377" errors="0" timestamp="2022-08-01T23:55:40 IST">
  <testcase classname="test.Day1" name="demo" time="0.016"/>
  <testcase classname="test.Day1" name="demo1" time="0.002"/>
  <testcase classname="test.Day2" name="demo2" time="0.003"/>
  <testcase classname="test.Day2" name="vdemo" time="0.006"/>
  <testcase classname="test.Day2" name="ademo5" time="0.002"/>
  <testcase classname="test.Day2" name="demo3" time="0.0">
    <ignored/>
  </testcase> <!-- demo3 -->
</testsuite> <!-- Personalloan -->
