<?xml version="1.0" encoding="UTF-8"?>
<!-- Generated by org.testng.reporters.JUnitXMLReporter -->
<testsuite ignored="5" hostname="LENOVO-PC" failures="0" tests="4" name="Regression" time="0.255" errors="0" timestamp="2022-08-01T16:28:19 IST">
  <testcase classname="test.Day1" name="demo" time="0.058"/>
  <testcase classname="test.Day2" name="demo2" time="0.004"/>
  <testcase classname="test.Day3" name="WebloginCarloan" time="0.008"/>
  <testcase classname="test.Day4" name="Webloginhomeloan" time="0.007"/>
  <testcase classname="test.Day4" name="Mobileloginhomeloan" time="0.0">
    <ignored/>
  </testcase> <!-- Mobileloginhomeloan -->
  <testcase classname="test.Day3" name="MobileloginCarloan" time="0.0">
    <ignored/>
  </testcase> <!-- MobileloginCarloan -->
  <testcase classname="test.Day3" name="APIloginCarloan" time="0.0">
    <ignored/>
  </testcase> <!-- APIloginCarloan -->
  <testcase classname="test.Day4" name="APIloginhomeloan" time="0.0">
    <ignored/>
  </testcase> <!-- APIloginhomeloan -->
  <testcase classname="test.Day1" name="demo1" time="0.0">
    <ignored/>
  </testcase> <!-- demo1 -->
</testsuite> <!-- Regression -->
