<?xml version="1.0" encoding="UTF-8"?>
<!-- Generated by org.testng.reporters.JUnitXMLReporter -->
<testsuite ignored="0" hostname="LENOVO-PC" failures="0" tests="4" name="Test" time="21.782" errors="0" timestamp="05 Aug 2022 19:26:26 GMT">
  <testcase classname="Academy.Homepage" name="@BeforeTest initialize" time="21.648">
    <failure type="org.openqa.selenium.WebDriverException" message="java.net.SocketException: Connection reset
Build info: version: &amp;apos;3.6.0&amp;apos;, revision: &amp;apos;6fbf3ec767&amp;apos;, time: &amp;apos;2017-09-27T15:28:36.4Z&amp;apos;
System info: host: &amp;apos;LENOVO-PC&amp;apos;, ip: &amp;apos;192.168.43.153&amp;apos;, os.name: &amp;apos;Windows 7&amp;apos;, os.arch: &amp;apos;amd64&amp;apos;, os.version: &amp;apos;6.1&amp;apos;, java.version: &amp;apos;17.0.3&amp;apos;
Driver info: driver.version: ChromeDriver">
      <![CDATA[org.openqa.selenium.WebDriverException: java.net.SocketException: Connection reset
Build info: version: '3.6.0', revision: '6fbf3ec767', time: '2017-09-27T15:28:36.4Z'
System info: host: 'LENOVO-PC', ip: '192.168.43.153', os.name: 'Windows 7', os.arch: 'amd64', os.version: '6.1', java.version: '17.0.3'
Driver info: driver.version: ChromeDriver
	at org.openqa.selenium.remote.service.DriverCommandExecutor.execute(DriverCommandExecutor.java:92)
	at org.openqa.selenium.remote.RemoteWebDriver.execute(RemoteWebDriver.java:586)
	at org.openqa.selenium.remote.RemoteWebDriver.startSession(RemoteWebDriver.java:217)
	at org.openqa.selenium.remote.RemoteWebDriver.<init>(RemoteWebDriver.java:140)
	at org.openqa.selenium.chrome.ChromeDriver.<init>(ChromeDriver.java:181)
	at org.openqa.selenium.chrome.ChromeDriver.<init>(ChromeDriver.java:168)
	at org.openqa.selenium.chrome.ChromeDriver.<init>(ChromeDriver.java:123)
	at resources.Base.initializedriver(Base.java:33)
	at Academy.Homepage.initialize(Homepage.java:25)
Caused by: java.net.SocketException: Connection reset
	at java.base/sun.nio.ch.NioSocketImpl.implRead(NioSocketImpl.java:323)
	at java.base/sun.nio.ch.NioSocketImpl.read(NioSocketImpl.java:350)
	at java.base/sun.nio.ch.NioSocketImpl$1.read(NioSocketImpl.java:803)
	at java.base/java.net.Socket$SocketInputStream.read(Socket.java:966)
	at org.apache.http.impl.io.SessionInputBufferImpl.streamRead(SessionInputBufferImpl.java:137)
	at org.apache.http.impl.io.SessionInputBufferImpl.fillBuffer(SessionInputBufferImpl.java:153)
	at org.apache.http.impl.io.SessionInputBufferImpl.readLine(SessionInputBufferImpl.java:282)
	at org.apache.http.impl.conn.DefaultHttpResponseParser.parseHead(DefaultHttpResponseParser.java:138)
	at org.apache.http.impl.conn.DefaultHttpResponseParser.parseHead(DefaultHttpResponseParser.java:56)
	at org.apache.http.impl.io.AbstractMessageParser.parse(AbstractMessageParser.java:259)
	at org.apache.http.impl.DefaultBHttpClientConnection.receiveResponseHeader(DefaultBHttpClientConnection.java:163)
	at org.apache.http.impl.conn.CPoolProxy.receiveResponseHeader(CPoolProxy.java:165)
	at org.apache.http.protocol.HttpRequestExecutor.doReceiveResponse(HttpRequestExecutor.java:273)
	at org.apache.http.protocol.HttpRequestExecutor.execute(HttpRequestExecutor.java:125)
	at org.apache.http.impl.execchain.MainClientExec.execute(MainClientExec.java:272)
	at org.apache.http.impl.execchain.ProtocolExec.execute(ProtocolExec.java:185)
	at org.apache.http.impl.execchain.RetryExec.execute(RetryExec.java:89)
	at org.apache.http.impl.execchain.RedirectExec.execute(RedirectExec.java:111)
	at org.apache.http.impl.client.InternalHttpClient.doExecute(InternalHttpClient.java:185)
	at org.apache.http.impl.client.CloseableHttpClient.execute(CloseableHttpClient.java:72)
	at org.apache.http.impl.client.CloseableHttpClient.execute(CloseableHttpClient.java:56)
	at org.openqa.selenium.remote.internal.ApacheHttpClient.fallBackExecute(ApacheHttpClient.java:138)
	at org.openqa.selenium.remote.internal.ApacheHttpClient.execute(ApacheHttpClient.java:86)
	at org.openqa.selenium.remote.ProtocolHandshake.createSession(ProtocolHandshake.java:337)
	at org.openqa.selenium.remote.ProtocolHandshake.createSession(ProtocolHandshake.java:136)
	at org.openqa.selenium.remote.HttpCommandExecutor.execute(HttpCommandExecutor.java:142)
	at org.openqa.selenium.remote.service.DriverCommandExecutor.execute(DriverCommandExecutor.java:83)
	... 31 more
... Removed 23 stack frames]]>
    </failure>
  </testcase> <!-- @BeforeTest initialize -->
  <testcase classname="Academy.Validatetitle" name="@BeforeTest initialize" time="0.0">
    <skipped/>
  </testcase> <!-- @BeforeTest initialize -->
  <testcase classname="Academy.ValidatetitleNavigationbr" name="@BeforeTest initialize" time="0.0">
    <skipped/>
  </testcase> <!-- @BeforeTest initialize -->
  <testcase classname="Academy.Homepage" name="@AfterTest teardown" time="0.0">
    <skipped/>
  </testcase> <!-- @AfterTest teardown -->
  <testcase classname="Academy.Validatetitle" name="@AfterTest teardown" time="0.0">
    <skipped/>
  </testcase> <!-- @AfterTest teardown -->
  <testcase classname="Academy.ValidatetitleNavigationbr" name="@AfterTest teardown" time="0.0">
    <skipped/>
  </testcase> <!-- @AfterTest teardown -->
  <testcase classname="Academy.ValidatetitleNavigationbr" name="basepagenavigation" time="0.0">
    <skipped/>
  </testcase> <!-- basepagenavigation -->
  <testcase classname="Academy.Homepage" name="basepagenavigation" time="0.0">
    <skipped/>
  </testcase> <!-- basepagenavigation -->
  <testcase classname="Academy.Homepage" name="basepagenavigation" time="0.0">
    <skipped/>
  </testcase> <!-- basepagenavigation -->
  <testcase classname="Academy.Validatetitle" name="basepagenavigation" time="0.0">
    <skipped/>
  </testcase> <!-- basepagenavigation -->
</testsuite> <!-- Test -->
