<?xml version="1.0" encoding="UTF-8"?>
<!-- Generated by org.testng.reporters.JUnitXMLReporter -->
<testsuite ignored="0" hostname="LENOVO-PC" failures="1" tests="2" name="Test" time="71.002" errors="0" timestamp="2022-08-07T15:28:39 IST">
  <testcase classname="Googletest" name="Homepagecheck" time="32.727">
    <failure type="org.openqa.selenium.SessionNotCreatedException" message="Could not start a new session. Response code 500. Message: Could not start a new session. Could not start a new session. Error while creating session with the driver service. Stopping driver service: java.net.ConnectException: Connection refused: no further information: localhost/0:0:0:0:0:0:0:1:54399
Build info: version: &amp;apos;4.3.0&amp;apos;, revision: &amp;apos;a4995e2c09*&amp;apos;
System info: host: &amp;apos;LENOVO-PC&amp;apos;, ip: &amp;apos;192.168.1.2&amp;apos;, os.name: &amp;apos;Windows 7&amp;apos;, os.arch: &amp;apos;amd64&amp;apos;, os.version: &amp;apos;6.1&amp;apos;, java.version: &amp;apos;11.0.11&amp;apos;
Driver info: driver.version: unknown
Build info: version: &amp;apos;4.3.0&amp;apos;, revision: &amp;apos;a4995e2c09*&amp;apos;
System info: host: &amp;apos;LENOVO-PC&amp;apos;, ip: &amp;apos;192.168.1.2&amp;apos;, os.name: &amp;apos;Windows 7&amp;apos;, os.arch: &amp;apos;amd64&amp;apos;, os.version: &amp;apos;6.1&amp;apos;, java.version: &amp;apos;11.0.11&amp;apos;
Driver info: driver.version: unknown
Build info: version: &amp;apos;4.3.0&amp;apos;, revision: &amp;apos;a4995e2c09*&amp;apos;
System info: host: &amp;apos;LENOVO-PC&amp;apos;, ip: &amp;apos;192.168.1.2&amp;apos;, os.name: &amp;apos;Windows 7&amp;apos;, os.arch: &amp;apos;amd64&amp;apos;, os.version: &amp;apos;6.1&amp;apos;, java.version: &amp;apos;17.0.3&amp;apos;
Driver info: org.openqa.selenium.remote.RemoteWebDriver
Command: [null, newSession {capabilities=[Capabilities {browserName: chrome}], desiredCapabilities=Capabilities {browserName: chrome}}]
Capabilities {}">
      <![CDATA[org.openqa.selenium.SessionNotCreatedException: Could not start a new session. Response code 500. Message: Could not start a new session. Could not start a new session. Error while creating session with the driver service. Stopping driver service: java.net.ConnectException: Connection refused: no further information: localhost/0:0:0:0:0:0:0:1:54399
Build info: version: '4.3.0', revision: 'a4995e2c09*'
System info: host: 'LENOVO-PC', ip: '192.168.1.2', os.name: 'Windows 7', os.arch: 'amd64', os.version: '6.1', java.version: '11.0.11'
Driver info: driver.version: unknown
Build info: version: '4.3.0', revision: 'a4995e2c09*'
System info: host: 'LENOVO-PC', ip: '192.168.1.2', os.name: 'Windows 7', os.arch: 'amd64', os.version: '6.1', java.version: '11.0.11'
Driver info: driver.version: unknown
Build info: version: '4.3.0', revision: 'a4995e2c09*'
System info: host: 'LENOVO-PC', ip: '192.168.1.2', os.name: 'Windows 7', os.arch: 'amd64', os.version: '6.1', java.version: '17.0.3'
Driver info: org.openqa.selenium.remote.RemoteWebDriver
Command: [null, newSession {capabilities=[Capabilities {browserName: chrome}], desiredCapabilities=Capabilities {browserName: chrome}}]
Capabilities {}
at org.openqa.selenium.remote.ProtocolHandshake.createSession(ProtocolHandshake.java:144)
at org.openqa.selenium.remote.ProtocolHandshake.createSession(ProtocolHandshake.java:102)
at org.openqa.selenium.remote.ProtocolHandshake.createSession(ProtocolHandshake.java:67)
at org.openqa.selenium.remote.HttpCommandExecutor.execute(HttpCommandExecutor.java:156)
at org.openqa.selenium.remote.TracedCommandExecutor.execute(TracedCommandExecutor.java:51)
at org.openqa.selenium.remote.RemoteWebDriver.execute(RemoteWebDriver.java:569)
at org.openqa.selenium.remote.RemoteWebDriver.startSession(RemoteWebDriver.java:264)
at org.openqa.selenium.remote.RemoteWebDriver.<init>(RemoteWebDriver.java:179)
at org.openqa.selenium.remote.RemoteWebDriver.<init>(RemoteWebDriver.java:161)
at Googletest.Homepagecheck(Googletest.java:22)
at java.base/java.util.concurrent.ThreadPoolExecutor.runWorker(ThreadPoolExecutor.java:1136)
at java.base/java.util.concurrent.ThreadPoolExecutor$Worker.run(ThreadPoolExecutor.java:635)
at java.base/java.lang.Thread.run(Thread.java:833)
... Removed 12 stack frames]]>
    </failure>
  </testcase> <!-- Homepagecheck -->
  <testcase classname="RSAtest" name="Homepagecheck" time="70.9"/>
</testsuite> <!-- Test -->
