<?xml version="1.0" encoding="UTF-8"?>
<!-- Generated by org.testng.reporters.JUnitXMLReporter -->
<testsuite ignored="0" hostname="LENOVO-PC" failures="0" tests="4" name="Test" time="0.171" errors="0" timestamp="03 Aug 2022 18:08:35 GMT">
  <testcase classname="qaclickacademy.AppiumTest" name="IOSapp" time="0.029"/>
  <testcase classname="qaclickacademy.AppiumTest" name="Nativeappandroid" time="0.082"/>
  <testcase classname="qaclickacademy.SeleniumTest" name="Browserautomation" time="0.001"/>
  <testcase classname="qaclickacademy.SeleniumTest" name="ElementUi" time="0.0"/>
</testsuite> <!-- Test -->
